<?xml version="1.0" encoding="UTF-8"?>
<!-- Generated by org.testng.reporters.JUnitReportReporter -->
<testsuite skipped="0" hostname="Testriqs-MacBook-Air-5.local" name="Demo.Invoify.tests.test_InvoiceDetail" tests="2" failures="0" timestamp="06 Jan 2025 07:21:59 GMT" time="58.357" errors="0">
  <testcase name="testLogoIsDisplayedInPreview" time="44.588" classname="Demo.Invoify.tests.test_InvoiceDetail"/>
  <testcase name="testAmountCurrencyChangesCorrectly" time="13.769" classname="Demo.Invoify.tests.test_InvoiceDetail"/>
</testsuite> <!-- Demo.Invoify.tests.test_InvoiceDetail -->
