<?xml version="1.0" encoding="UTF-8"?>
<!-- Generated by org.testng.reporters.JUnitReportReporter -->
<testsuite hostname="Testriqs-MacBook-Air-5.local" failures="0" tests="3" name="Demo.Invoify.tests.dataInputValidation" time="99.537" errors="0" timestamp="13 Jan 2025 11:18:55 GMT" skipped="0">
  <testcase classname="Demo.Invoify.tests.dataInputValidation" name="testBankDetailsAreEntered" time="43.510"/>
  <testcase classname="Demo.Invoify.tests.dataInputValidation" name="testProperTotalCalculation" time="13.211"/>
  <testcase classname="Demo.Invoify.tests.dataInputValidation" name="testToggleButtonEnabling" time="42.816"/>
</testsuite> <!-- Demo.Invoify.tests.dataInputValidation -->
