<?xml version="1.0" encoding="UTF-8"?>
<!-- Generated by org.testng.reporters.JUnitReportReporter -->
<testsuite skipped="0" hostname="Testriqs-MacBook-Air-5.local" name="Demo.Invoify.tests.test_FormAndTo" tests="3" failures="0" timestamp="06 Jan 2025 07:21:59 GMT" time="24.697" errors="0">
  <testcase name="testLogoIsDisplayed" time="1.478" classname="Demo.Invoify.tests.test_FormAndTo"/>
  <testcase name="testAddingNewCustomInput" time="17.437" classname="Demo.Invoify.tests.test_FormAndTo"/>
  <testcase name="testNextButtonFunctionality" time="5.782" classname="Demo.Invoify.tests.test_FormAndTo"/>
</testsuite> <!-- Demo.Invoify.tests.test_FormAndTo -->
