<?xml version="1.0" encoding="UTF-8"?>
<!-- Generated by org.testng.reporters.JUnitReportReporter -->
<testsuite hostname="Testriqs-MacBook-Air-5.local" failures="0" tests="1" name="Demo.Invoify.tests.test_LineItems" time="43.627" errors="0" timestamp="11 Jan 2025 11:14:10 GMT" skipped="0">
  <testcase classname="Demo.Invoify.tests.test_LineItems" name="testProperTotalCalculation" time="43.627"/>
</testsuite> <!-- Demo.Invoify.tests.test_LineItems -->
