<?xml version="1.0" encoding="UTF-8"?>
<!-- Generated by org.testng.reporters.JUnitReportReporter -->
<testsuite skipped="0" hostname="Testriqs-MacBook-Air-5.local" name="Demo.Invoify.tests.test_SummaryPage" tests="3" failures="0" timestamp="06 Jan 2025 07:21:59 GMT" time="97.166" errors="0">
  <testcase name="testToggleButtonEnabling" time="32.359" classname="Demo.Invoify.tests.test_SummaryPage"/>
  <testcase name="testPercentageChange" time="52.725" classname="Demo.Invoify.tests.test_SummaryPage"/>
  <testcase name="testSignatureUpload" time="12.082" classname="Demo.Invoify.tests.test_SummaryPage"/>
</testsuite> <!-- Demo.Invoify.tests.test_SummaryPage -->
