<?xml version="1.0" encoding="UTF-8"?>
<!-- Generated by org.testng.reporters.JUnitReportReporter -->
<testsuite skipped="0" hostname="Testriqs-MacBook-Air-5.local" name="Demo.Invoify.tests.test_FormAndTo" tests="3" failures="0" timestamp="08 Jan 2025 06:11:34 GMT" time="41.631" errors="0">
  <testcase name="testLogoIsDisplayed" time="19.221" classname="Demo.Invoify.tests.test_FormAndTo"/>
  <testcase name="testAddingNewCustomInput" time="14.869" classname="Demo.Invoify.tests.test_FormAndTo"/>
  <testcase name="testNextButtonFunctionality" time="7.541" classname="Demo.Invoify.tests.test_FormAndTo"/>
</testsuite> <!-- Demo.Invoify.tests.test_FormAndTo -->
