<?xml version="1.0" encoding="UTF-8"?>
<!-- Generated by org.testng.reporters.JUnitReportReporter -->
<testsuite skipped="0" hostname="Testriqs-MacBook-Air-5.local" name="Demo.Invoify.tests.test_PaymentInfo" tests="1" failures="0" timestamp="06 Jan 2025 07:21:59 GMT" time="31.996" errors="0">
  <testcase name="testBankDetailsAreEntered" time="31.996" classname="Demo.Invoify.tests.test_PaymentInfo"/>
</testsuite> <!-- Demo.Invoify.tests.test_PaymentInfo -->
