<?xml version="1.0" encoding="UTF-8"?>
<!-- Generated by org.testng.reporters.JUnitReportReporter -->
<testsuite hostname="Testriqs-MacBook-Air-5.local" failures="0" tests="3" name="Demo.Invoify.tests.dataInputValidation" time="155.097" errors="0" timestamp="11 Jan 2025 13:08:20 GMT" skipped="0">
  <testcase classname="Demo.Invoify.tests.dataInputValidation" name="testToggleButtonEnabling" time="48.021"/>
  <testcase classname="Demo.Invoify.tests.dataInputValidation" name="testBankDetailsAreEntered" time="77.162"/>
  <testcase classname="Demo.Invoify.tests.dataInputValidation" name="testProperTotalCalculation" time="29.914"/>
</testsuite> <!-- Demo.Invoify.tests.dataInputValidation -->
