<?xml version="1.0" encoding="UTF-8"?>
<!-- Generated by org.testng.reporters.JUnitReportReporter -->
<testsuite hostname="Testriqs-MacBook-Air-5.local" failures="0" tests="2" name="Demo.Invoify.tests.verifyAttachmentUpload" time="83.399" errors="0" timestamp="12 Jan 2025 06:54:17 GMT" skipped="0">
  <testcase classname="Demo.Invoify.tests.verifyAttachmentUpload" name="verifyBillAttachement" time="68.494"/>
  <testcase classname="Demo.Invoify.tests.verifyAttachmentUpload" name="testSignatureUpload" time="14.905"/>
</testsuite> <!-- Demo.Invoify.tests.verifyAttachmentUpload -->
