<?xml version="1.0" encoding="UTF-8"?>
<!-- Generated by org.testng.reporters.JUnitReportReporter -->
<testsuite hostname="Testriqs-MacBook-Air-5.local" failures="0" tests="3" name="Demo.Invoify.tests.dataInputValidation" time="163.140" errors="0" timestamp="11 Jan 2025 12:09:09 GMT" skipped="0">
  <testcase classname="Demo.Invoify.tests.dataInputValidation" name="testProperTotalCalculation" time="37.528"/>
  <testcase classname="Demo.Invoify.tests.dataInputValidation" name="testToggleButtonEnabling" time="45.434"/>
  <testcase classname="Demo.Invoify.tests.dataInputValidation" name="testBankDetailsAreEntered" time="80.178"/>
</testsuite> <!-- Demo.Invoify.tests.dataInputValidation -->
