<?xml version="1.0" encoding="UTF-8"?>
<!-- Generated by org.testng.reporters.JUnitReportReporter -->
<testsuite skipped="0" hostname="Testriqs-MacBook-Air-5.local" name="Demo.Invoify.tests.test_FormAndTo" tests="1" failures="0" timestamp="11 Jan 2025 08:32:10 GMT" time="15.673" errors="0">
  <testcase name="testLogoIsDisplayed" time="15.673" classname="Demo.Invoify.tests.test_FormAndTo"/>
</testsuite> <!-- Demo.Invoify.tests.test_FormAndTo -->
