<?xml version="1.0" encoding="UTF-8"?>
<!-- Generated by org.testng.reporters.JUnitReportReporter -->
<testsuite skipped="0" hostname="Testriqs-MacBook-Air-5.local" name="Demo.Invoify.tests.test_LineItems" tests="2" failures="0" timestamp="06 Jan 2025 07:21:59 GMT" time="53.482" errors="0">
  <testcase name="testProperTotalCalculation" time="38.901" classname="Demo.Invoify.tests.test_LineItems"/>
  <testcase name="testAddANewitem" time="14.581" classname="Demo.Invoify.tests.test_LineItems"/>
</testsuite> <!-- Demo.Invoify.tests.test_LineItems -->
