<?xml version="1.0" encoding="UTF-8"?>
<!-- Generated by org.testng.reporters.JUnitReportReporter -->
<testsuite skipped="0" hostname="Testriqs-MacBook-Air-5.local" name="Demo.Invoify.tests.invoify_homePage" tests="3" failures="0" timestamp="31 Dec 2024 06:32:18 GMT" time="43.466" errors="0">
  <testcase name="testLogoIsDisplayed" time="0.199" classname="Demo.Invoify.tests.invoify_homePage"/>
  <testcase name="testNextButtonFunctionality" time="7.019" classname="Demo.Invoify.tests.invoify_homePage"/>
  <testcase name="testAddingNewCustomInput" time="36.248" classname="Demo.Invoify.tests.invoify_homePage"/>
</testsuite> <!-- Demo.Invoify.tests.invoify_homePage -->
