<?xml version="1.0" encoding="UTF-8"?>
<!-- Generated by org.testng.reporters.JUnitReportReporter -->
<testsuite hostname="Testriqs-MacBook-Air-5.local" failures="0" tests="3" name="Demo.Invoify.tests.dataInputValidation" time="152.242" errors="0" timestamp="11 Jan 2025 12:38:18 GMT" skipped="0">
  <testcase classname="Demo.Invoify.tests.dataInputValidation" name="testToggleButtonEnabling" time="55.929"/>
  <testcase classname="Demo.Invoify.tests.dataInputValidation" name="testProperTotalCalculation" time="22.561"/>
  <testcase classname="Demo.Invoify.tests.dataInputValidation" name="testBankDetailsAreEntered" time="73.752"/>
</testsuite> <!-- Demo.Invoify.tests.dataInputValidation -->
