<?xml version="1.0" encoding="UTF-8"?>
<!-- Generated by org.testng.reporters.JUnitReportReporter -->
<testsuite skipped="0" hostname="Testriqs-MacBook-Air-5.local" name="Demo.Invoify.tests.test_PaymentInfo" tests="1" failures="0" timestamp="08 Jan 2025 06:50:59 GMT" time="39.423" errors="0">
  <testcase name="testBankDetailsAreEntered" time="39.423" classname="Demo.Invoify.tests.test_PaymentInfo"/>
</testsuite> <!-- Demo.Invoify.tests.test_PaymentInfo -->
