<?xml version="1.0" encoding="UTF-8"?>
<!-- Generated by org.testng.reporters.JUnitReportReporter -->
<testsuite hostname="Testriqs-MacBook-Air-5.local" failures="0" tests="2" name="Demo.Invoify.tests.verifyAttachmentUpload" time="55.225" errors="0" timestamp="13 Jan 2025 11:15:33 GMT" skipped="0">
  <testcase classname="Demo.Invoify.tests.verifyAttachmentUpload" name="verifyBillAttachement" time="44.637"/>
  <testcase classname="Demo.Invoify.tests.verifyAttachmentUpload" name="testSignatureUpload" time="10.588"/>
</testsuite> <!-- Demo.Invoify.tests.verifyAttachmentUpload -->
