<?xml version="1.0" encoding="UTF-8"?>
<!-- Generated by org.testng.reporters.JUnitReportReporter -->
<testsuite skipped="0" hostname="Testriqs-MacBook-Air-5.local" name="Demo.Invoify.tests.test_SummaryPage" tests="1" failures="0" timestamp="07 Jan 2025 10:14:32 GMT" time="31.577" errors="0">
  <testcase name="testSignatureUpload" time="31.577" classname="Demo.Invoify.tests.test_SummaryPage"/>
</testsuite> <!-- Demo.Invoify.tests.test_SummaryPage -->
