<?xml version="1.0" encoding="UTF-8"?>
<!-- Generated by org.testng.reporters.JUnitReportReporter -->
<testsuite hostname="Testriqs-MacBook-Air-5.local" failures="0" tests="3" name="Demo.Invoify.tests.test_FormAndTo" time="61.497" errors="0" timestamp="06 Jan 2025 08:15:03 GMT" skipped="0">
  <testcase classname="Demo.Invoify.tests.test_FormAndTo" name="testLogoIsDisplayed" time="17.566"/>
  <testcase classname="Demo.Invoify.tests.test_FormAndTo" name="testAddingNewCustomInput" time="33.238"/>
  <testcase classname="Demo.Invoify.tests.test_FormAndTo" name="testNextButtonFunctionality" time="10.693"/>
</testsuite> <!-- Demo.Invoify.tests.test_FormAndTo -->
