<?xml version="1.0" encoding="UTF-8"?>
<!-- Generated by org.testng.reporters.JUnitReportReporter -->
<testsuite hostname="Testriqs-MacBook-Air-5.local" failures="0" tests="2" name="Demo.Invoify.tests.test_LineItems" time="1.026" errors="0" timestamp="07 Jan 2025 06:12:26 GMT" skipped="0">
  <testcase classname="Demo.Invoify.tests.test_LineItems" name="testProperTotalCalculation" time="0.651"/>
  <testcase classname="Demo.Invoify.tests.test_LineItems" name="testAddANewitem" time="0.375"/>
</testsuite> <!-- Demo.Invoify.tests.test_LineItems -->
