<?xml version="1.0" encoding="UTF-8"?>
<!-- Generated by org.testng.reporters.JUnitReportReporter -->
<testsuite hostname="Testriqs-MacBook-Air-5.local" failures="0" tests="3" name="Demo.Invoify.tests.test_FormAndTo" time="0.887" errors="0" timestamp="07 Jan 2025 06:12:26 GMT" skipped="0">
  <testcase classname="Demo.Invoify.tests.test_FormAndTo" name="testLogoIsDisplayed" time="0.063"/>
  <testcase classname="Demo.Invoify.tests.test_FormAndTo" name="testAddingNewCustomInput" time="0.525"/>
  <testcase classname="Demo.Invoify.tests.test_FormAndTo" name="testNextButtonFunctionality" time="0.299"/>
</testsuite> <!-- Demo.Invoify.tests.test_FormAndTo -->
