<?xml version="1.0" encoding="UTF-8"?>
<!-- Generated by org.testng.reporters.JUnitReportReporter -->
<testsuite hostname="Testriqs-MacBook-Air-5.local" failures="0" tests="2" name="Demo.Invoify.tests.test_InvoiceDetail" time="11.148" errors="0" timestamp="07 Jan 2025 06:12:26 GMT" skipped="0">
  <testcase classname="Demo.Invoify.tests.test_InvoiceDetail" name="testLogoIsDisplayedInPreview" time="10.596"/>
  <testcase classname="Demo.Invoify.tests.test_InvoiceDetail" name="testAmountCurrencyChangesCorrectly" time="0.552"/>
</testsuite> <!-- Demo.Invoify.tests.test_InvoiceDetail -->
