<?xml version="1.0" encoding="UTF-8"?>
<!-- Generated by org.testng.reporters.JUnitReportReporter -->
<testsuite hostname="Testriqs-MacBook-Air-5.local" failures="0" tests="1" name="Demo.Invoify.tests.test_PaymentInfo" time="41.701" errors="0" timestamp="06 Jan 2025 08:15:03 GMT" skipped="0">
  <testcase classname="Demo.Invoify.tests.test_PaymentInfo" name="testBankDetailsAreEntered" time="41.701"/>
</testsuite> <!-- Demo.Invoify.tests.test_PaymentInfo -->
