<?xml version="1.0" encoding="UTF-8"?>
<!-- Generated by org.testng.reporters.JUnitReportReporter -->
<testsuite hostname="Testriqs-MacBook-Air-5.local" failures="0" tests="3" name="Demo.Invoify.tests.test_SummaryPage" time="110.146" errors="0" timestamp="06 Jan 2025 08:15:03 GMT" skipped="0">
  <testcase classname="Demo.Invoify.tests.test_SummaryPage" name="testToggleButtonEnabling" time="42.809"/>
  <testcase classname="Demo.Invoify.tests.test_SummaryPage" name="testPercentageChange" time="51.864"/>
  <testcase classname="Demo.Invoify.tests.test_SummaryPage" name="testSignatureUpload" time="15.473"/>
</testsuite> <!-- Demo.Invoify.tests.test_SummaryPage -->
